This is pdfTeX, Version 3.14159265-2.6-1.40.15 (TeX Live 2014) (preloaded format=pdflatex 2014.5.25)  3 APR 2015 15:04
entering extended mode
 restricted \write18 enabled.
 %&-line parsing enabled.
**Nwala_Assignment3_Report
(./Nwala_Assignment3_Report.tex
LaTeX2e <2014/05/01>
Babel <3.9k> and hyphenation patterns for 78 languages loaded.
(/usr/local/texlive/2014/texmf-dist/tex/latex/base/article.cls
Document Class: article 2007/10/19 v1.4h Standard LaTeX document class
(/usr/local/texlive/2014/texmf-dist/tex/latex/base/size10.clo
File: size10.clo 2007/10/19 v1.4h Standard LaTeX file (size option)
)
\c@part=\count79
\c@section=\count80
\c@subsection=\count81
\c@subsubsection=\count82
\c@paragraph=\count83
\c@subparagraph=\count84
\c@figure=\count85
\c@table=\count86
\abovecaptionskip=\skip41
\belowcaptionskip=\skip42
\bibindent=\dimen102
)
(/usr/local/texlive/2014/texmf-dist/tex/latex/fancyhdr/fancyhdr.sty
\fancy@headwidth=\skip43
\f@ncyO@elh=\skip44
\f@ncyO@erh=\skip45
\f@ncyO@olh=\skip46
\f@ncyO@orh=\skip47
\f@ncyO@elf=\skip48
\f@ncyO@erf=\skip49
\f@ncyO@olf=\skip50
\f@ncyO@orf=\skip51
)
(/usr/local/texlive/2014/texmf-dist/tex/latex/lastpage/lastpage.sty
Package: lastpage 2013/01/28 v1.2l Refers to last page's name (HMM; JPG)
)
(/usr/local/texlive/2014/texmf-dist/tex/latex/fancyhdr/extramarks.sty
\@temptokenb=\toks14
)
(/usr/local/texlive/2014/texmf-dist/tex/latex/graphics/color.sty
Package: color 2014/04/23 v1.1a Standard LaTeX Color (DPC)

(/usr/local/texlive/2014/texmf-dist/tex/latex/latexconfig/color.cfg
File: color.cfg 2007/01/18 v1.5 color configuration of teTeX/TeXLive
)
Package color Info: Driver file: pdftex.def on input line 137.

(/usr/local/texlive/2014/texmf-dist/tex/latex/pdftex-def/pdftex.def
File: pdftex.def 2011/05/27 v0.06d Graphics/color for pdfTeX

(/usr/local/texlive/2014/texmf-dist/tex/generic/oberdiek/infwarerr.sty
Package: infwarerr 2010/04/08 v1.3 Providing info/warning/error messages (HO)
)
(/usr/local/texlive/2014/texmf-dist/tex/generic/oberdiek/ltxcmds.sty
Package: ltxcmds 2011/11/09 v1.22 LaTeX kernel commands for general use (HO)
)
\Gread@gobject=\count87
)
(/usr/local/texlive/2014/texmf-dist/tex/latex/graphics/dvipsnam.def
File: dvipsnam.def 2014/04/23 v3.0j Driver-dependant file (DPC,SPQR)
))
(/usr/local/texlive/2014/texmf-dist/tex/latex/graphics/graphicx.sty
Package: graphicx 2014/04/25 v1.0g Enhanced LaTeX Graphics (DPC,SPQR)

(/usr/local/texlive/2014/texmf-dist/tex/latex/graphics/keyval.sty
Package: keyval 2014/05/08 v1.15 key=value parser (DPC)
\KV@toks@=\toks15
)
(/usr/local/texlive/2014/texmf-dist/tex/latex/graphics/graphics.sty
Package: graphics 2009/02/05 v1.0o Standard LaTeX Graphics (DPC,SPQR)

(/usr/local/texlive/2014/texmf-dist/tex/latex/graphics/trig.sty
Package: trig 1999/03/16 v1.09 sin cos tan (DPC)
)
(/usr/local/texlive/2014/texmf-dist/tex/latex/latexconfig/graphics.cfg
File: graphics.cfg 2010/04/23 v1.9 graphics configuration of TeX Live
)
Package graphics Info: Driver file: pdftex.def on input line 91.
)
\Gin@req@height=\dimen103
\Gin@req@width=\dimen104
)
(/usr/local/texlive/2014/texmf-dist/tex/latex/listings/listings.sty
\lst@mode=\count88
\lst@gtempboxa=\box26
\lst@token=\toks16
\lst@length=\count89
\lst@currlwidth=\dimen105
\lst@column=\count90
\lst@pos=\count91
\lst@lostspace=\dimen106
\lst@width=\dimen107
\lst@newlines=\count92
\lst@lineno=\count93
\lst@maxwidth=\dimen108

(/usr/local/texlive/2014/texmf-dist/tex/latex/listings/lstmisc.sty
File: lstmisc.sty 2014/03/04 1.5c (Carsten Heinz)
\c@lstnumber=\count94
\lst@skipnumbers=\count95
\lst@framebox=\box27
)
(/usr/local/texlive/2014/texmf-dist/tex/latex/listings/listings.cfg
File: listings.cfg 2014/03/04 1.5c listings configuration
))
Package: listings 2014/03/04 1.5c (Carsten Heinz)

(/usr/local/texlive/2014/texmf-dist/tex/latex/psnfss/courier.sty
Package: courier 2005/04/12 PSNFSS-v9.2a (WaS) 
)
(/usr/local/texlive/2014/texmf-dist/tex/latex/lipsum/lipsum.sty
Package: lipsum 2011/04/14 v1.2 150 paragraphs of Lorem Ipsum dummy text
\c@lips@count=\count96
)
(/usr/local/texlive/2014/texmf-dist/tex/latex/setspace/setspace.sty
Package: setspace 2011/12/19 v6.7a set line spacing
)
(/usr/local/texlive/2014/texmf-dist/tex/latex/comment/comment.sty
\CommentStream=\write3

Excluding comment 'comment')
(/usr/local/texlive/2014/texmf-dist/tex/latex/caption/caption.sty
Package: caption 2013/05/02 v3.3-89 Customizing captions (AR)

(/usr/local/texlive/2014/texmf-dist/tex/latex/caption/caption3.sty
Package: caption3 2013/05/02 v1.6-88 caption3 kernel (AR)
Package caption3 Info: TeX engine: e-TeX on input line 57.
\captionmargin=\dimen109
\captionmargin@=\dimen110
\captionwidth=\dimen111
\caption@tempdima=\dimen112
\caption@indent=\dimen113
\caption@parindent=\dimen114
\caption@hangindent=\dimen115
)
\c@ContinuedFloat=\count97
Package caption Info: listings package is loaded.
)
(/usr/local/texlive/2014/texmf-dist/tex/latex/hyperref/hyperref.sty
Package: hyperref 2012/11/06 v6.83m Hypertext links for LaTeX

(/usr/local/texlive/2014/texmf-dist/tex/generic/oberdiek/hobsub-hyperref.sty
Package: hobsub-hyperref 2012/05/28 v1.13 Bundle oberdiek, subset hyperref (HO)


(/usr/local/texlive/2014/texmf-dist/tex/generic/oberdiek/hobsub-generic.sty
Package: hobsub-generic 2012/05/28 v1.13 Bundle oberdiek, subset generic (HO)
Package: hobsub 2012/05/28 v1.13 Construct package bundles (HO)
Package hobsub Info: Skipping package `infwarerr' (already loaded).
Package hobsub Info: Skipping package `ltxcmds' (already loaded).
Package: ifluatex 2010/03/01 v1.3 Provides the ifluatex switch (HO)
Package ifluatex Info: LuaTeX not detected.
Package: ifvtex 2010/03/01 v1.5 Detect VTeX and its facilities (HO)
Package ifvtex Info: VTeX not detected.
Package: intcalc 2007/09/27 v1.1 Expandable calculations with integers (HO)
Package: ifpdf 2011/01/30 v2.3 Provides the ifpdf switch (HO)
Package ifpdf Info: pdfTeX in PDF mode is detected.
Package: etexcmds 2011/02/16 v1.5 Avoid name clashes with e-TeX commands (HO)
Package etexcmds Info: Could not find \expanded.
(etexcmds)             That can mean that you are not using pdfTeX 1.50 or
(etexcmds)             that some package has redefined \expanded.
(etexcmds)             In the latter case, load this package earlier.
Package: kvsetkeys 2012/04/25 v1.16 Key value parser (HO)
Package: kvdefinekeys 2011/04/07 v1.3 Define keys (HO)
Package: pdftexcmds 2011/11/29 v0.20 Utility functions of pdfTeX for LuaTeX (HO
)
Package pdftexcmds Info: LuaTeX not detected.
Package pdftexcmds Info: \pdf@primitive is available.
Package pdftexcmds Info: \pdf@ifprimitive is available.
Package pdftexcmds Info: \pdfdraftmode found.
Package: pdfescape 2011/11/25 v1.13 Implements pdfTeX's escape features (HO)
Package: bigintcalc 2012/04/08 v1.3 Expandable calculations on big integers (HO
)
Package: bitset 2011/01/30 v1.1 Handle bit-vector datatype (HO)
Package: uniquecounter 2011/01/30 v1.2 Provide unlimited unique counter (HO)
)
Package hobsub Info: Skipping package `hobsub' (already loaded).
Package: letltxmacro 2010/09/02 v1.4 Let assignment for LaTeX macros (HO)
Package: hopatch 2012/05/28 v1.2 Wrapper for package hooks (HO)
Package: xcolor-patch 2011/01/30 xcolor patch
Package: atveryend 2011/06/30 v1.8 Hooks at the very end of document (HO)
Package atveryend Info: \enddocument detected (standard20110627).
Package: atbegshi 2011/10/05 v1.16 At begin shipout hook (HO)
Package: refcount 2011/10/16 v3.4 Data extraction from label references (HO)
Package: hycolor 2011/01/30 v1.7 Color options for hyperref/bookmark (HO)
)
(/usr/local/texlive/2014/texmf-dist/tex/generic/ifxetex/ifxetex.sty
Package: ifxetex 2010/09/12 v0.6 Provides ifxetex conditional
)
(/usr/local/texlive/2014/texmf-dist/tex/latex/oberdiek/auxhook.sty
Package: auxhook 2011/03/04 v1.3 Hooks for auxiliary files (HO)
)
(/usr/local/texlive/2014/texmf-dist/tex/latex/oberdiek/kvoptions.sty
Package: kvoptions 2011/06/30 v3.11 Key value format for package options (HO)
)
\@linkdim=\dimen116
\Hy@linkcounter=\count98
\Hy@pagecounter=\count99

(/usr/local/texlive/2014/texmf-dist/tex/latex/hyperref/pd1enc.def
File: pd1enc.def 2012/11/06 v6.83m Hyperref: PDFDocEncoding definition (HO)
)
\Hy@SavedSpaceFactor=\count100

(/usr/local/texlive/2014/texmf-dist/tex/latex/latexconfig/hyperref.cfg
File: hyperref.cfg 2002/06/06 v1.2 hyperref configuration of TeXLive
)
Package hyperref Info: Hyper figures OFF on input line 4443.
Package hyperref Info: Link nesting OFF on input line 4448.
Package hyperref Info: Hyper index ON on input line 4451.
Package hyperref Info: Plain pages OFF on input line 4458.
Package hyperref Info: Backreferencing OFF on input line 4463.
Package hyperref Info: Implicit mode ON; LaTeX internals redefined.
Package hyperref Info: Bookmarks ON on input line 4688.
\c@Hy@tempcnt=\count101

(/usr/local/texlive/2014/texmf-dist/tex/latex/url/url.sty
\Urlmuskip=\muskip10
Package: url 2013/09/16  ver 3.4  Verb mode for urls, etc.
)
LaTeX Info: Redefining \url on input line 5041.
\XeTeXLinkMargin=\dimen117
\Fld@menulength=\count102
\Field@Width=\dimen118
\Fld@charsize=\dimen119
Package hyperref Info: Hyper figures OFF on input line 6295.
Package hyperref Info: Link nesting OFF on input line 6300.
Package hyperref Info: Hyper index ON on input line 6303.
Package hyperref Info: backreferencing OFF on input line 6310.
Package hyperref Info: Link coloring OFF on input line 6315.
Package hyperref Info: Link coloring with OCG OFF on input line 6320.
Package hyperref Info: PDF/A mode OFF on input line 6325.
LaTeX Info: Redefining \ref on input line 6365.
LaTeX Info: Redefining \pageref on input line 6369.
\Hy@abspage=\count103
\c@Item=\count104
\c@Hfootnote=\count105
)

Package hyperref Message: Driver (autodetected): hpdftex.

(/usr/local/texlive/2014/texmf-dist/tex/latex/hyperref/hpdftex.def
File: hpdftex.def 2012/11/06 v6.83m Hyperref driver for pdfTeX
\Fld@listcount=\count106
\c@bookmark@seq@number=\count107

(/usr/local/texlive/2014/texmf-dist/tex/latex/oberdiek/rerunfilecheck.sty
Package: rerunfilecheck 2011/04/15 v1.7 Rerun checks for auxiliary files (HO)
Package uniquecounter Info: New unique counter `rerunfilecheck' on input line 2
82.
)
\Hy@SectionHShift=\skip52
)
(/usr/local/texlive/2014/texmf-dist/tex/latex/natbib/natbib.sty
Package: natbib 2010/09/13 8.31b (PWD, AO)
\bibhang=\skip53
\bibsep=\skip54
LaTeX Info: Redefining \cite on input line 694.
\c@NAT@ctr=\count108
)
(/usr/local/texlive/2014/texmf-dist/tex/latex/underscore/underscore.sty
Package: underscore 2006/09/13
LaTeX Info: Redefining \_ on input line 42.
)
Package hyperref Info: Option `colorlinks' set `true' on input line 51.
Package hyperref Info: Option `breaklinks' set `true' on input line 51.

(/usr/local/texlive/2014/texmf-dist/tex/latex/pdfpages/pdfpages.sty
Package: pdfpages 2013/08/25 v0.4v Insert pages of external PDF documents (AM)

(/usr/local/texlive/2014/texmf-dist/tex/latex/base/ifthen.sty
Package: ifthen 2001/05/26 v1.1c Standard LaTeX ifthen package (DPC)
)
(/usr/local/texlive/2014/texmf-dist/tex/latex/tools/calc.sty
Package: calc 2007/08/22 v4.3 Infix arithmetic (KKT,FJ)
\calc@Acount=\count109
\calc@Bcount=\count110
\calc@Adimen=\dimen120
\calc@Bdimen=\dimen121
\calc@Askip=\skip55
\calc@Bskip=\skip56
LaTeX Info: Redefining \setlength on input line 75.
LaTeX Info: Redefining \addtolength on input line 76.
\calc@Ccount=\count111
\calc@Cskip=\skip57
)
(/usr/local/texlive/2014/texmf-dist/tex/latex/eso-pic/eso-pic.sty
Package: eso-pic 2013/10/06 v2.0d eso-pic (RN)
)
(/usr/local/texlive/2014/texmf-dist/tex/latex/pdfpages/pppdftex.def
File: pppdftex.def 2013/08/25 v0.4v Pdfpages driver for pdfTeX (AM)
)
\AM@pagebox=\box28
\AM@toc@title=\toks17
\c@AM@survey=\count112
\AM@templatesizebox=\box29
)
(/usr/local/texlive/2014/texmf-dist/tex/latex/listings/lstlang1.sty
File: lstlang1.sty 2014/03/04 1.5c listings language file
)
\c@homeworkProblemCounter=\count113

(./Nwala_Assignment3_Report.aux

LaTeX Warning: Label `table:nonlin' multiply defined.

)
\openout1 = `Nwala_Assignment3_Report.aux'.

LaTeX Font Info:    Checking defaults for OML/cmm/m/it on input line 212.
LaTeX Font Info:    ... okay on input line 212.
LaTeX Font Info:    Checking defaults for T1/cmr/m/n on input line 212.
LaTeX Font Info:    ... okay on input line 212.
LaTeX Font Info:    Checking defaults for OT1/cmr/m/n on input line 212.
LaTeX Font Info:    ... okay on input line 212.
LaTeX Font Info:    Checking defaults for OMS/cmsy/m/n on input line 212.
LaTeX Font Info:    ... okay on input line 212.
LaTeX Font Info:    Checking defaults for OMX/cmex/m/n on input line 212.
LaTeX Font Info:    ... okay on input line 212.
LaTeX Font Info:    Checking defaults for U/cmr/m/n on input line 212.
LaTeX Font Info:    ... okay on input line 212.
LaTeX Font Info:    Checking defaults for PD1/pdf/m/n on input line 212.
LaTeX Font Info:    ... okay on input line 212.
Package lastpage Info: Please have a look at the pageslts package at
(lastpage)             http://www.ctan.org/tex-archive/ 
(lastpage)             macros/latex/contrib/pageslts/ 
(lastpage)             or
(lastpage)             http://www.ctan.org/tex-archive/ 
(lastpage)             install/macros/latex/contrib/pageslts.tds.zip
(lastpage)             ! on input line 212.
 (/usr/local/texlive/2014/texmf-dist/tex/context/base/supp-pdf.mkii
[Loading MPS to PDF converter (version 2006.09.02).]
\scratchcounter=\count114
\scratchdimen=\dimen122
\scratchbox=\box30
\nofMPsegments=\count115
\nofMParguments=\count116
\everyMPshowfont=\toks18
\MPscratchCnt=\count117
\MPscratchDim=\dimen123
\MPnumerator=\count118
\makeMPintoPDFobject=\count119
\everyMPtoPDFconversion=\toks19
) (/usr/local/texlive/2014/texmf-dist/tex/latex/oberdiek/epstopdf-base.sty
Package: epstopdf-base 2010/02/09 v2.5 Base part for package epstopdf

(/usr/local/texlive/2014/texmf-dist/tex/latex/oberdiek/grfext.sty
Package: grfext 2010/08/19 v1.1 Manage graphics extensions (HO)
)
Package grfext Info: Graphics extension search list:
(grfext)             [.png,.pdf,.jpg,.mps,.jpeg,.jbig2,.jb2,.PNG,.PDF,.JPG,.JPE
G,.JBIG2,.JB2,.eps]
(grfext)             \AppendGraphicsExtensions on input line 452.

(/usr/local/texlive/2014/texmf-dist/tex/latex/latexconfig/epstopdf-sys.cfg
File: epstopdf-sys.cfg 2010/07/13 v1.3 Configuration of (r)epstopdf for TeX Liv
e
))
\c@lstlisting=\count120
Package caption Info: Begin \AtBeginDocument code.
Package caption Info: hyperref package is loaded.
Package caption Info: End \AtBeginDocument code.
\AtBeginShipoutBox=\box31
Package hyperref Info: Link coloring ON on input line 212.

(/usr/local/texlive/2014/texmf-dist/tex/latex/hyperref/nameref.sty
Package: nameref 2012/10/27 v2.43 Cross-referencing by name of section

(/usr/local/texlive/2014/texmf-dist/tex/generic/oberdiek/gettitlestring.sty
Package: gettitlestring 2010/12/03 v1.4 Cleanup title references (HO)
)
\c@section@level=\count121
)
LaTeX Info: Redefining \ref on input line 212.
LaTeX Info: Redefining \pageref on input line 212.
LaTeX Info: Redefining \nameref on input line 212.

(./Nwala_Assignment3_Report.out) (./Nwala_Assignment3_Report.out)
\@outlinefile=\write4
\openout4 = `Nwala_Assignment3_Report.out'.

LaTeX Font Info:    External font `cmex10' loaded for size
(Font)              <12> on input line 215.
LaTeX Font Info:    External font `cmex10' loaded for size
(Font)              <8> on input line 215.
LaTeX Font Info:    External font `cmex10' loaded for size
(Font)              <6> on input line 215.
 [1

{/usr/local/texlive/2014/texmf-var/fonts/map/pdftex/updmap/pdftex.map}]
(./Nwala_Assignment3_Report.toc)
\tf@toc=\write5
\openout5 = `Nwala_Assignment3_Report.toc'.

 [2]
Underfull \hbox (badness 10000) in paragraph at lines 235--237

 []

LaTeX Font Info:    Try loading font information for OT1+pcr on input line 238.

(/usr/local/texlive/2014/texmf-dist/tex/latex/psnfss/ot1pcr.fd
File: ot1pcr.fd 2001/06/04 font definitions for OT1/pcr.
)
LaTeX Font Info:    External font `cmex10' loaded for size
(Font)              <7> on input line 238.
LaTeX Font Info:    External font `cmex10' loaded for size
(Font)              <5> on input line 238.

Underfull \hbox (badness 10000) in paragraph at lines 238--241

 []


Underfull \hbox (badness 10000) in paragraph at lines 242--247

 []

Excluding 'comment' comment.
Underfull \hbox (badness 10000) in paragraph at lines 266--267

 []


Underfull \hbox (badness 10000) in paragraph at lines 268--269

 []


Underfull \hbox (badness 10000) in paragraph at lines 270--272

 []

(./removeBoilerplateSnippet.py
LaTeX Font Info:    Try loading font information for T1+pcr on input line 1.

(/usr/local/texlive/2014/texmf-dist/tex/latex/psnfss/t1pcr.fd
File: t1pcr.fd 2001/06/04 font definitions for T1/pcr.
) [3])
Underfull \hbox (badness 10000) in paragraph at lines 275--277

 []


Overfull \hbox (4.24501pt too wide) in paragraph at lines 299--299
[]    \OT1/pcr/m/n/10 http://www.animate-onlineshop.jp/products/detail.php%3fpr
oduct_id%3d1235091[] 
 []


Underfull \hbox (badness 10000) in paragraph at lines 301--302

 []

[4] <boilerplate.pdf, id=88, 1027.84pt x 770.88pt>
File: boilerplate.pdf Graphic file (type pdf)
 <use boilerplate.pdf>
Package pdftex.def Info: boilerplate.pdf used on input line 349.
(pdftex.def)             Requested size: 1027.8375pt x 770.87813pt.
File: boilerplate.pdf Graphic file (type pdf)

<use boilerplate.pdf>
Package pdftex.def Info: boilerplate.pdf used on input line 349.
(pdftex.def)             Requested size: 1027.8375pt x 770.87813pt.
File: boilerplate.pdf Graphic file (type pdf)
 <use boilerplate.pdf>
Package pdftex.def Info: boilerplate.pdf used on input line 349.
(pdftex.def)             Requested size: 1027.8375pt x 770.87813pt.
File: boilerplate.pdf Graphic file (type pdf)
 <use boilerplate.pdf>
Package pdftex.def Info: boilerplate.pdf used on input line 349.
(pdftex.def)             Requested size: 1027.8375pt x 770.87813pt.
 [5]
<boilerplate.pdf, id=98, page=1, 1027.84pt x 770.88pt>
File: boilerplate.pdf Graphic file (type pdf)

<use boilerplate.pdf, page 1>
Package pdftex.def Info: boilerplate.pdf, page1 used on input line 349.
(pdftex.def)             Requested size: 1027.8375pt x 770.87813pt.
File: boilerplate.pdf Graphic file (type pdf)
 <use boilerplate.pdf, page 1>
Package pdftex.def Info: boilerplate.pdf, page1 used on input line 349.
(pdftex.def)             Requested size: 614.79536pt x 461.09653pt.
File: boilerplate.pdf Graphic file (type pdf)

<use boilerplate.pdf, page 1>
Package pdftex.def Info: boilerplate.pdf, page1 used on input line 349.
(pdftex.def)             Requested size: 614.79536pt x 461.09653pt.
File: boilerplate.pdf Graphic file (type pdf)
 <use boilerplate.pdf, page 1>
Package pdftex.def Info: boilerplate.pdf, page1 used on input line 349.
(pdftex.def)             Requested size: 614.79536pt x 461.09653pt.
File: boilerplate.pdf Graphic file (type pdf)

<use boilerplate.pdf, page 1>
Package pdftex.def Info: boilerplate.pdf, page1 used on input line 349.
(pdftex.def)             Requested size: 614.79536pt x 461.09653pt.
 [6 <./boilerplate.pdf>]
<boilerplate.pdf, id=119, page=2, 1027.84pt x 770.88pt>
File: boilerplate.pdf Graphic file (type pdf)

<use boilerplate.pdf, page 2>
Package pdftex.def Info: boilerplate.pdf, page2 used on input line 349.
(pdftex.def)             Requested size: 614.79536pt x 461.09653pt.
File: boilerplate.pdf Graphic file (type pdf)
 <use boilerplate.pdf, page 2>
Package pdftex.def Info: boilerplate.pdf, page2 used on input line 349.
(pdftex.def)             Requested size: 614.79536pt x 461.09653pt.
File: boilerplate.pdf Graphic file (type pdf)

<use boilerplate.pdf, page 2>
Package pdftex.def Info: boilerplate.pdf, page2 used on input line 349.
(pdftex.def)             Requested size: 614.79536pt x 461.09653pt.
 [7 <./boilerplate.pdf>]
<boilerplate.pdf, id=129, page=3, 1027.84pt x 770.88pt>
File: boilerplate.pdf Graphic file (type pdf)

<use boilerplate.pdf, page 3>
Package pdftex.def Info: boilerplate.pdf, page3 used on input line 349.
(pdftex.def)             Requested size: 614.79536pt x 461.09653pt.
File: boilerplate.pdf Graphic file (type pdf)
 <use boilerplate.pdf, page 3>
Package pdftex.def Info: boilerplate.pdf, page3 used on input line 349.
(pdftex.def)             Requested size: 614.79536pt x 461.09653pt.
File: boilerplate.pdf Graphic file (type pdf)

<use boilerplate.pdf, page 3>
Package pdftex.def Info: boilerplate.pdf, page3 used on input line 349.
(pdftex.def)             Requested size: 614.79536pt x 461.09653pt.
 [8 <./boilerplate.pdf>]
File: boilerplate.pdf Graphic file (type pdf)
 <use boilerplate.pdf>
Package pdftex.def Info: boilerplate.pdf used on input line 369.
(pdftex.def)             Requested size: 1027.8375pt x 770.87813pt.
File: boilerplate.pdf Graphic file (type pdf)

<use boilerplate.pdf>
Package pdftex.def Info: boilerplate.pdf used on input line 369.
(pdftex.def)             Requested size: 1027.8375pt x 770.87813pt.
File: boilerplate.pdf Graphic file (type pdf)
 <use boilerplate.pdf>
Package pdftex.def Info: boilerplate.pdf used on input line 369.
(pdftex.def)             Requested size: 1027.8375pt x 770.87813pt.
File: boilerplate.pdf Graphic file (type pdf)
 <use boilerplate.pdf>
Package pdftex.def Info: boilerplate.pdf used on input line 369.
(pdftex.def)             Requested size: 1027.8375pt x 770.87813pt.
 [9]
<boilerplate.pdf, id=147, page=4, 1027.84pt x 770.88pt>
File: boilerplate.pdf Graphic file (type pdf)

<use boilerplate.pdf, page 4>
Package pdftex.def Info: boilerplate.pdf, page4 used on input line 369.
(pdftex.def)             Requested size: 1027.8375pt x 770.87813pt.
File: boilerplate.pdf Graphic file (type pdf)
 <use boilerplate.pdf, page 4>
Package pdftex.def Info: boilerplate.pdf, page4 used on input line 369.
(pdftex.def)             Requested size: 614.79536pt x 461.09653pt.
File: boilerplate.pdf Graphic file (type pdf)

<use boilerplate.pdf, page 4>
Package pdftex.def Info: boilerplate.pdf, page4 used on input line 369.
(pdftex.def)             Requested size: 614.79536pt x 461.09653pt.
File: boilerplate.pdf Graphic file (type pdf)
 <use boilerplate.pdf, page 4>
Package pdftex.def Info: boilerplate.pdf, page4 used on input line 369.
(pdftex.def)             Requested size: 614.79536pt x 461.09653pt.
File: boilerplate.pdf Graphic file (type pdf)

<use boilerplate.pdf, page 4>
Package pdftex.def Info: boilerplate.pdf, page4 used on input line 369.
(pdftex.def)             Requested size: 614.79536pt x 461.09653pt.
 [10 <./boilerplate.pdf>]
<boilerplate.pdf, id=157, page=5, 1027.84pt x 770.88pt>
File: boilerplate.pdf Graphic file (type pdf)

<use boilerplate.pdf, page 5>
Package pdftex.def Info: boilerplate.pdf, page5 used on input line 369.
(pdftex.def)             Requested size: 614.79536pt x 461.09653pt.
File: boilerplate.pdf Graphic file (type pdf)
 <use boilerplate.pdf, page 5>
Package pdftex.def Info: boilerplate.pdf, page5 used on input line 369.
(pdftex.def)             Requested size: 614.79536pt x 461.09653pt.
File: boilerplate.pdf Graphic file (type pdf)

<use boilerplate.pdf, page 5>
Package pdftex.def Info: boilerplate.pdf, page5 used on input line 369.
(pdftex.def)             Requested size: 614.79536pt x 461.09653pt.
 [11 <./boilerplate.pdf>]
<boilerplate.pdf, id=166, page=6, 1027.84pt x 770.88pt>
File: boilerplate.pdf Graphic file (type pdf)

<use boilerplate.pdf, page 6>
Package pdftex.def Info: boilerplate.pdf, page6 used on input line 369.
(pdftex.def)             Requested size: 614.79536pt x 461.09653pt.
File: boilerplate.pdf Graphic file (type pdf)
 <use boilerplate.pdf, page 6>
Package pdftex.def Info: boilerplate.pdf, page6 used on input line 369.
(pdftex.def)             Requested size: 614.79536pt x 461.09653pt.
File: boilerplate.pdf Graphic file (type pdf)

<use boilerplate.pdf, page 6>
Package pdftex.def Info: boilerplate.pdf, page6 used on input line 369.
(pdftex.def)             Requested size: 614.79536pt x 461.09653pt.
 [12 <./boilerplate.pdf>]
Underfull \hbox (badness 10000) in paragraph at lines 385--386

 []


Underfull \hbox (badness 10000) in paragraph at lines 387--388

 []


Underfull \hbox (badness 10000) in paragraph at lines 389--391

 []


Underfull \hbox (badness 10000) in paragraph at lines 392--393

 []


Underfull \hbox (badness 10000) in paragraph at lines 394--395

 []


Underfull \hbox (badness 10000) in paragraph at lines 396--397

 []


Underfull \hbox (badness 10000) in paragraph at lines 398--399

 []

(./getUniqueTermsSnippet.py [13] [14])
Underfull \hbox (badness 10000) in paragraph at lines 404--406

 []

LaTeX Font Info:    Try loading font information for OML+cmr on input line 415.

(/usr/local/texlive/2014/texmf-dist/tex/latex/base/omlcmr.fd
File: omlcmr.fd 1999/05/25 v2.5h Standard LaTeX font definitions
)
LaTeX Font Info:    Font shape `OML/cmr/m/n' in size <10> not available
(Font)              Font shape `OML/cmm/m/it' tried instead on input line 415.
LaTeX Font Info:    Try loading font information for OMS+cmr on input line 423.


(/usr/local/texlive/2014/texmf-dist/tex/latex/base/omscmr.fd
File: omscmr.fd 1999/05/25 v2.5h Standard LaTeX font definitions
)
LaTeX Font Info:    Font shape `OMS/cmr/m/n' in size <10> not available
(Font)              Font shape `OMS/cmsy/m/n' tried instead on input line 423.


LaTeX Warning: Float too large for page by 14.828pt on input line 469.


LaTeX Warning: Float too large for page by 14.828pt on input line 532.

(../plotLineChart.r) <../Rplots.pdf, id=271, 505.89pt x 505.89pt>
File: ../Rplots.pdf Graphic file (type pdf)

<use ../Rplots.pdf>
Package pdftex.def Info: ../Rplots.pdf used on input line 544.
(pdftex.def)             Requested size: 505.88875pt x 505.88875pt.
File: ../Rplots.pdf Graphic file (type pdf)
 <use ../Rplots.pdf>
Package pdftex.def Info: ../Rplots.pdf used on input line 544.
(pdftex.def)             Requested size: 505.88875pt x 505.88875pt.
 [15] [16] [17]
<../Rplots.pdf, id=318, page=1, 505.89pt x 505.89pt>
File: ../Rplots.pdf Graphic file (type pdf)

<use ../Rplots.pdf, page 1>
Package pdftex.def Info: ../Rplots.pdf, page1 used on input line 544.
(pdftex.def)             Requested size: 505.88875pt x 505.88875pt.
File: ../Rplots.pdf Graphic file (type pdf)
 <use ../Rplots.pdf, page 1>
Package pdftex.def Info: ../Rplots.pdf, page1 used on input line 544.
(pdftex.def)             Requested size: 615.37086pt x 615.37086pt.
File: ../Rplots.pdf Graphic file (type pdf)

<use ../Rplots.pdf, page 1>
Package pdftex.def Info: ../Rplots.pdf, page1 used on input line 544.
(pdftex.def)             Requested size: 615.37086pt x 615.37086pt.
File: ../Rplots.pdf Graphic file (type pdf)
 <use ../Rplots.pdf, page 1>
Package pdftex.def Info: ../Rplots.pdf, page1 used on input line 544.
(pdftex.def)             Requested size: 615.37086pt x 615.37086pt.
File: ../Rplots.pdf Graphic file (type pdf)

<use ../Rplots.pdf, page 1>
Package pdftex.def Info: ../Rplots.pdf, page1 used on input line 544.
(pdftex.def)             Requested size: 615.37086pt x 615.37086pt.
 [18 <../Rplots.pdf>] Excluding 'comment' comment.
(./Nwala_Assignment3_Report.bbl) 
AED: lastpage setting LastPage
[19]
Package atveryend Info: Empty hook `BeforeClearDocument' on input line 574.
Package atveryend Info: Empty hook `AfterLastShipout' on input line 574.
 (./Nwala_Assignment3_Report.aux)
Package atveryend Info: Executing hook `AtVeryEndDocument' on input line 574.
Package atveryend Info: Executing hook `AtEndAfterFileList' on input line 574.
Package rerunfilecheck Info: File `Nwala_Assignment3_Report.out' has not change
d.
(rerunfilecheck)             Checksum: 3E6F8B2BAB67A0B0451756B0B930D8D2;90.


LaTeX Warning: There were multiply-defined labels.

Package atveryend Info: Empty hook `AtVeryVeryEnd' on input line 574.
 ) 
Here is how much of TeX's memory you used:
 9653 strings out of 493117
 146190 string characters out of 6135433
 478026 words of memory out of 5000000
 12804 multiletter control sequences out of 15000+600000
 10923 words of font info for 38 fonts, out of 8000000 for 9000
 1141 hyphenation exceptions out of 8191
 40i,18n,46p,428b,1987s stack positions out of 5000i,500n,10000p,200000b,80000s
{/usr/local/texlive/2014/texmf-dist/fonts/enc/dvips/base/8r.enc}</usr/local/t
exlive/2014/texmf-dist/fonts/type1/public/amsfonts/cm/cmbx10.pfb></usr/local/te
xlive/2014/texmf-dist/fonts/type1/public/amsfonts/cm/cmbx12.pfb></usr/local/tex
live/2014/texmf-dist/fonts/type1/public/amsfonts/cm/cmbx9.pfb></usr/local/texli
ve/2014/texmf-dist/fonts/type1/public/amsfonts/cm/cmmi10.pfb></usr/local/texliv
e/2014/texmf-dist/fonts/type1/public/amsfonts/cm/cmr10.pfb></usr/local/texlive/
2014/texmf-dist/fonts/type1/public/amsfonts/cm/cmr12.pfb></usr/local/texlive/20
14/texmf-dist/fonts/type1/public/amsfonts/cm/cmr5.pfb></usr/local/texlive/2014/
texmf-dist/fonts/type1/public/amsfonts/cm/cmsy10.pfb></usr/local/texlive/2014/t
exmf-dist/fonts/type1/public/amsfonts/cm/cmti12.pfb></usr/local/texlive/2014/te
xmf-dist/fonts/type1/urw/courier/ucrr8a.pfb></usr/local/texlive/2014/texmf-dist
/fonts/type1/urw/courier/ucrro8a.pfb>
Output written on Nwala_Assignment3_Report.pdf (19 pages, 5113627 bytes).
PDF statistics:
 411 PDF objects out of 1000 (max. 8388607)
 341 compressed objects within 4 object streams
 173 named destinations out of 1000 (max. 500000)
 112 words of extra memory for PDF output out of 10000 (max. 10000000)

